<?xml version="1.0" encoding="UTF-8"?>
<!-- Generated by org.testng.reporters.JUnitReportReporter -->
<testsuite hostname="IB-SEZ-LAP-793" failures="0" tests="1" name="com.evo.testcases.Login_test" time="22.115" errors="0" timestamp="2022-01-04T19:41:43 IST" skipped="0">
  <testcase classname="com.evo.testcases.Login_test" name="TC001_Login" time="22.115"/>
  <system-out/>
</testsuite> <!-- com.evo.testcases.Login_test -->
