<?xml version="1.0" encoding="UTF-8"?>
<!-- Generated by org.testng.reporters.JUnitReportReporter -->
<testsuite hostname="IB-SEZ-LAP-984" failures="0" tests="15" name="com.evo.testcases.Home_test" time="24.495" errors="1" timestamp="2022-02-01T16:36:14 IST" skipped="0">
  <testcase classname="com.evo.testcases.Home_test" name="TC009_Help" time="2.051"/>
  <system-out/>
  <testcase classname="com.evo.testcases.Home_test" name="TC004_Projects" time="0.533"/>
  <system-out/>
  <testcase classname="com.evo.testcases.Home_test" name="TC015_ApplicationVersion" time="0.116"/>
  <system-out/>
  <testcase classname="com.evo.testcases.Home_test" name="TC007_Communications" time="5.246">
    <error message="element click intercepted: Element &lt;a _ngcontent-cci-c9=&quot;&quot; class=&quot;task-name&quot; id=&quot;notActive_/manage-announcement&quot; href=&quot;/enova.cossp.app/en/manage-announcement&quot; style=&quot;color: rgb(255, 255, 255);&quot;&gt;...&lt;/a&gt; is not clickable at point (102, 688). Other element would receive the click: &lt;div _ngcontent-cci-c26=&quot;&quot; class=&quot;loader-overlay&quot;&gt;...&lt;/div&gt;
  (Session info: chrome=97.0.4692.99)
Build info: version: &#039;3.141.59&#039;, revision: &#039;e82be7d358&#039;, time: &#039;2018-11-14T08:17:03&#039;
System info: host: &#039;IB-SEZ-LAP-984&#039;, ip: &#039;192.168.185.134&#039;, os.name: &#039;Windows 10&#039;, os.arch: &#039;amd64&#039;, os.version: &#039;10.0&#039;, java.version: &#039;17.0.1&#039;
Driver info: org.openqa.selenium.chrome.ChromeDriver
Capabilities {acceptInsecureCerts: false, browserName: chrome, browserVersion: 97.0.4692.99, chrome: {chromedriverVersion: 97.0.4692.71 (adefa7837d02a..., userDataDir: C:\Users\ZAID~1.NEZ\AppData...}, goog:chromeOptions: {debuggerAddress: localhost:61406}, javascriptEnabled: true, networkConnectionEnabled: false, pageLoadStrategy: normal, platform: WINDOWS, platformName: WINDOWS, proxy: Proxy(), setWindowRect: true, strictFileInteractability: false, timeouts: {implicit: 0, pageLoad: 300000, script: 30000}, unhandledPromptBehavior: dismiss and notify, webauthn:extension:credBlob: true, webauthn:extension:largeBlob: true, webauthn:virtualAuthenticators: true}
Session ID: 708704665a98dfa5d2143900ba85b42b" type="org.openqa.selenium.ElementClickInterceptedException">
      <![CDATA[org.openqa.selenium.ElementClickInterceptedException: element click intercepted: Element <a _ngcontent-cci-c9="" class="task-name" id="notActive_/manage-announcement" href="/enova.cossp.app/en/manage-announcement" style="color: rgb(255, 255, 255);">...</a> is not clickable at point (102, 688). Other element would receive the click: <div _ngcontent-cci-c26="" class="loader-overlay">...</div>
  (Session info: chrome=97.0.4692.99)
Build info: version: '3.141.59', revision: 'e82be7d358', time: '2018-11-14T08:17:03'
System info: host: 'IB-SEZ-LAP-984', ip: '192.168.185.134', os.name: 'Windows 10', os.arch: 'amd64', os.version: '10.0', java.version: '17.0.1'
Driver info: org.openqa.selenium.chrome.ChromeDriver
Capabilities {acceptInsecureCerts: false, browserName: chrome, browserVersion: 97.0.4692.99, chrome: {chromedriverVersion: 97.0.4692.71 (adefa7837d02a..., userDataDir: C:\Users\ZAID~1.NEZ\AppData...}, goog:chromeOptions: {debuggerAddress: localhost:61406}, javascriptEnabled: true, networkConnectionEnabled: false, pageLoadStrategy: normal, platform: WINDOWS, platformName: WINDOWS, proxy: Proxy(), setWindowRect: true, strictFileInteractability: false, timeouts: {implicit: 0, pageLoad: 300000, script: 30000}, unhandledPromptBehavior: dismiss and notify, webauthn:extension:credBlob: true, webauthn:extension:largeBlob: true, webauthn:virtualAuthenticators: true}
Session ID: 708704665a98dfa5d2143900ba85b42b
at java.base/jdk.internal.reflect.NativeConstructorAccessorImpl.newInstance0(Native Method)
at java.base/jdk.internal.reflect.NativeConstructorAccessorImpl.newInstance(NativeConstructorAccessorImpl.java:77)
at java.base/jdk.internal.reflect.DelegatingConstructorAccessorImpl.newInstance(DelegatingConstructorAccessorImpl.java:45)
at java.base/java.lang.reflect.Constructor.newInstanceWithCaller(Constructor.java:499)
at java.base/java.lang.reflect.Constructor.newInstance(Constructor.java:480)
at org.openqa.selenium.remote.http.W3CHttpResponseCodec.createException(W3CHttpResponseCodec.java:187)
at org.openqa.selenium.remote.http.W3CHttpResponseCodec.decode(W3CHttpResponseCodec.java:122)
at org.openqa.selenium.remote.http.W3CHttpResponseCodec.decode(W3CHttpResponseCodec.java:49)
at org.openqa.selenium.remote.HttpCommandExecutor.execute(HttpCommandExecutor.java:158)
at org.openqa.selenium.remote.service.DriverCommandExecutor.execute(DriverCommandExecutor.java:83)
at org.openqa.selenium.remote.RemoteWebDriver.execute(RemoteWebDriver.java:552)
at org.openqa.selenium.remote.RemoteWebElement.execute(RemoteWebElement.java:285)
at org.openqa.selenium.remote.RemoteWebElement.click(RemoteWebElement.java:84)
at com.evo.pages.Home_Page.Communications(Home_Page.java:99)
at com.evo.testcases.Home_test.TC007_Communications(Home_test.java:61)
at java.base/jdk.internal.reflect.NativeMethodAccessorImpl.invoke0(Native Method)
at java.base/jdk.internal.reflect.NativeMethodAccessorImpl.invoke(NativeMethodAccessorImpl.java:77)
at java.base/jdk.internal.reflect.DelegatingMethodAccessorImpl.invoke(DelegatingMethodAccessorImpl.java:43)
at java.base/java.lang.reflect.Method.invoke(Method.java:568)
at org.testng.internal.MethodInvocationHelper.invokeMethod(MethodInvocationHelper.java:133)
at org.testng.internal.TestInvoker.invokeMethod(TestInvoker.java:598)
at org.testng.internal.TestInvoker.invokeTestMethod(TestInvoker.java:173)
at org.testng.internal.MethodRunner.runInSequence(MethodRunner.java:46)
at org.testng.internal.TestInvoker$MethodInvocationAgent.invoke(TestInvoker.java:824)
at org.testng.internal.TestInvoker.invokeTestMethods(TestInvoker.java:146)
at org.testng.internal.TestMethodWorker.invokeTestMethods(TestMethodWorker.java:146)
at org.testng.internal.TestMethodWorker.run(TestMethodWorker.java:128)
at java.base/java.util.ArrayList.forEach(ArrayList.java:1511)
at org.testng.TestRunner.privateRun(TestRunner.java:794)
at org.testng.TestRunner.run(TestRunner.java:596)
at org.testng.SuiteRunner.runTest(SuiteRunner.java:377)
at org.testng.SuiteRunner.runSequentially(SuiteRunner.java:371)
at org.testng.SuiteRunner.privateRun(SuiteRunner.java:332)
at org.testng.SuiteRunner.run(SuiteRunner.java:276)
at org.testng.SuiteRunnerWorker.runSuite(SuiteRunnerWorker.java:53)
at org.testng.SuiteRunnerWorker.run(SuiteRunnerWorker.java:96)
at org.testng.TestNG.runSuitesSequentially(TestNG.java:1212)
at org.testng.TestNG.runSuitesLocally(TestNG.java:1134)
at org.testng.TestNG.runSuites(TestNG.java:1063)
at org.testng.TestNG.run(TestNG.java:1031)
at org.testng.remote.AbstractRemoteTestNG.run(AbstractRemoteTestNG.java:115)
at org.testng.remote.RemoteTestNG.initAndRun(RemoteTestNG.java:251)
at org.testng.remote.RemoteTestNG.main(RemoteTestNG.java:77)
]]>
    </error>
  </testcase> <!-- TC007_Communications -->
  <system-out/>
  <testcase classname="com.evo.testcases.Home_test" name="TC002_UserProfile" time="0.409"/>
  <system-out/>
  <testcase classname="com.evo.testcases.Home_test" name="TC003_Tasks" time="2.061"/>
  <system-out/>
  <testcase classname="com.evo.testcases.Home_test" name="TC011_Admin" time="2.538"/>
  <system-out/>
  <testcase classname="com.evo.testcases.Home_test" name="TC006_Directory" time="0.157"/>
  <system-out/>
  <testcase classname="com.evo.testcases.Home_test" name="TC013_MobileApp" time="0.216"/>
  <system-out/>
  <testcase classname="com.evo.testcases.Home_test" name="TC012_ConrolVisibility" time="1.539"/>
  <system-out/>
  <testcase classname="com.evo.testcases.Home_test" name="TC008_Documents" time="2.859"/>
  <system-out/>
  <testcase classname="com.evo.testcases.Home_test" name="TC010_DigitalBusinessCard" time="0.435"/>
  <system-out/>
  <testcase classname="com.evo.testcases.Home_test" name="TC014_B2C" time="2.046"/>
  <system-out/>
  <testcase classname="com.evo.testcases.Home_test" name="TC001_Dashboard" time="0.601"/>
  <system-out/>
  <testcase classname="com.evo.testcases.Home_test" name="TC005_Reports" time="3.688"/>
  <system-out/>
</testsuite> <!-- com.evo.testcases.Home_test -->
