<?xml version="1.0" encoding="UTF-8"?>
<!-- Generated by org.testng.reporters.JUnitReportReporter -->
<testsuite hostname="IB-SEZ-LAP-984" failures="0" tests="1" name="com.evo.testcases.Login_test" time="32.856" errors="0" timestamp="2022-02-01T16:36:14 IST" skipped="0">
  <testcase classname="com.evo.testcases.Login_test" name="TC001_Login" time="32.856"/>
  <system-out/>
</testsuite> <!-- com.evo.testcases.Login_test -->
